<?xml version="1.0" encoding="UTF-8"?>
<!-- Generated by org.testng.reporters.JUnitReportReporter -->
<testsuite hostname="DESKTOP-IQ434QR" failures="0" tests="2" name="test.NewTest001" time="52.443" errors="0" timestamp="2024-04-14T16:16:03 IST" skipped="0">
  <testcase classname="test.NewTest001" name="DishCount" time="31.298"/>
  <testcase classname="test.NewTest001" name="menuList" time="21.145"/>
</testsuite> <!-- test.NewTest001 -->
